<?xml version="1.0" encoding="UTF-8"?>
<!-- Generated by org.testng.reporters.JUnitReportReporter -->
<testsuite hostname="DESKTOP-3ME8SPS" failures="0" tests="1" name="testCases.TC001_AccountRegistrationTest" time="2.999" errors="0" timestamp="2024-11-22T16:35:30 SAST" skipped="0">
  <testcase classname="testCases.TC001_AccountRegistrationTest" name="verify_account_registration" time="2.999"/>
</testsuite> <!-- testCases.TC001_AccountRegistrationTest -->
