<?xml version="1.0" encoding="UTF-8"?>
<!-- Generated by org.testng.reporters.JUnitReportReporter -->
<testsuite hostname="DESKTOP-3ME8SPS" failures="0" tests="1" name="testCases.TC002_LoginTest" time="2.105" errors="0" timestamp="2024-11-22T16:35:30 SAST" skipped="0">
  <testcase classname="testCases.TC002_LoginTest" name="verify_Login" time="2.105"/>
</testsuite> <!-- testCases.TC002_LoginTest -->
